<?xml version="1.0" encoding="UTF-8"?>
<!-- Generated by org.testng.reporters.JUnitXMLReporter -->
<testsuite hostname="LAPTOP-FLI4N4OU" ignored="0" name="Opencart Tests" tests="2" failures="1" timestamp="2022-01-03T22:48:26 EST" time="11.099" errors="0">
  <testcase name="test_account_Registration" time="2.792" classname="testCases.TC_001_AccountRegistration">
    <failure type="java.lang.AssertionError" message="expected [true] but found [false]">
      <![CDATA[java.lang.AssertionError: expected [true] but found [false]
at testCases.TC_001_AccountRegistration.test_account_Registration(TC_001_AccountRegistration.java:75)
at java.util.ArrayList.forEach(ArrayList.java:1257)
... Removed 31 stack frames]]>
    </failure>
  </testcase> <!-- test_account_Registration -->
  <testcase name="text_Login" time="2.162" classname="testCases.TC_002_Login"/>
</testsuite> <!-- Opencart Tests -->
